Using pre-set license
Built from '2020.2/release' branch; Version is '2020.2.2f1 (068178b99f32) revision 426360'; Using compiler version '192528614'; Build Type 'Release'
OS: 'Windows 10 Home; OS build 19042.928; Version 2009; 64bit' Language: 'en' Physical Memory: 16336 MB
BatchMode: 1, IsHumanControllingUs: 0, StartBugReporterOnCrash: 0, Is64bit: 1, IsPro: 0

 COMMAND LINE ARGUMENTS:
C:\Program Files\Unity\Hub\Editor\2020.2.2f1\Editor\Unity.exe
-adb2
-batchMode
-noUpm
-name
AssetImportWorker0
-projectPath
C:/Users/spyid/Documents/StainedGlassShaders/StainedGlassProject
-logFile
Logs/AssetImportWorker0.log
-srvPort
64824
Successfully changed project path to: C:/Users/spyid/Documents/StainedGlassShaders/StainedGlassProject
C:/Users/spyid/Documents/StainedGlassShaders/StainedGlassProject
Using Asset Import Pipeline V2.
Refreshing native plugins compatible for Editor in 32.83 ms, found 0 plugins.
Preloading 0 native plugins for Editor in 0.00 ms.
Initialize engine version: 2020.2.2f1 (068178b99f32)
[Subsystems] Discovering subsystems at path C:/Program Files/Unity/Hub/Editor/2020.2.2f1/Editor/Data/Resources/UnitySubsystems
[Subsystems] Discovering subsystems at path C:/Users/spyid/Documents/StainedGlassShaders/StainedGlassProject/Assets
GfxDevice: creating device client; threaded=0
Direct3D:
    Version:  Direct3D 11.0 [level 11.1]
    Renderer: NVIDIA GeForce GTX 1660 (ID=0x2184)
    Vendor:   
    VRAM:     5991 MB
    Driver:   27.21.14.5671
Initialize mono
Mono path[0] = 'C:/Program Files/Unity/Hub/Editor/2020.2.2f1/Editor/Data/Managed'
Mono path[1] = 'C:/Program Files/Unity/Hub/Editor/2020.2.2f1/Editor/Data/MonoBleedingEdge/lib/mono/unityjit'
Mono config path = 'C:/Program Files/Unity/Hub/Editor/2020.2.2f1/Editor/Data/MonoBleedingEdge/etc'
Using monoOptions --debugger-agent=transport=dt_socket,embedding=1,server=y,suspend=n,address=127.0.0.1:56360
Begin MonoManager ReloadAssembly
Registering precompiled unity dll's ...
Register platform support module: C:/Program Files/Unity/Hub/Editor/2020.2.2f1/Editor/Data/PlaybackEngines/WindowsStandaloneSupport/UnityEditor.WindowsStandalone.Extensions.dll
Registered in 0.003816 seconds.
Native extension for WindowsStandalone target not found
Refreshing native plugins compatible for Editor in 28.17 ms, found 0 plugins.
Preloading 0 native plugins for Editor in 0.00 ms.
Invoked RoslynAnalysisRunner static constructor.
RoslynAnalysisRunner will not be running.
RoslynAnalysisRunner has terminated.
Mono: successfully reloaded assembly
- Completed reload, in  1.392 seconds
Platform modules already initialized, skipping
Registering precompiled user dll's ...
Registered in 0.000806 seconds.
Begin MonoManager ReloadAssembly
Native extension for WindowsStandalone target not found
Refreshing native plugins compatible for Editor in 0.25 ms, found 0 plugins.
Preloading 0 native plugins for Editor in 0.00 ms.
Invoked RoslynAnalysisRunner static constructor.
RoslynAnalysisRunner will not be running.
RoslynAnalysisRunner has terminated.
Mono: successfully reloaded assembly
- Completed reload, in  0.995 seconds
Platform modules already initialized, skipping
========================================================================
Worker process is ready to serve import requests
Launched and connected shader compiler UnityShaderCompiler.exe after 0.05 seconds
Refreshing native plugins compatible for Editor in 0.27 ms, found 0 plugins.
Preloading 0 native plugins for Editor in 0.00 ms.
Unloading 1105 Unused Serialized files (Serialized files now loaded: 0)
System memory in use before: 57.8 MB.
System memory in use after: 57.8 MB.

Unloading 11 unused Assets to reduce memory usage. Loaded Objects now: 1546.
Total: 1.885800 ms (FindLiveObjects: 0.144000 ms CreateObjectMapping: 0.075600 ms MarkObjects: 1.588600 ms  DeleteObjects: 0.076500 ms)

========================================================================
Received Import Request.
  path: Assets/Materials/SpotlightMat.mat
  artifactKey: Guid(809f01957d47b70488887d6e777eeaf2) Importer(815301076,1909f56bfc062723c751e8b465ee728b)
Start importing Assets/Materials/SpotlightMat.mat using Guid(809f01957d47b70488887d6e777eeaf2) Importer(815301076,1909f56bfc062723c751e8b465ee728b)  -> (artifact id: '3c820f5cca98c06ced238245e59df963') in 0.124619 seconds
  Import took 0.127007 seconds .

========================================================================
Received Import Request.
  Time since last request: 415.398063 seconds.
  path: Assets/Materials/New Material.mat
  artifactKey: Guid(b04e02923a433ce4b95185da8eb83c1b) Importer(815301076,1909f56bfc062723c751e8b465ee728b)
Start importing Assets/Materials/New Material.mat using Guid(b04e02923a433ce4b95185da8eb83c1b) Importer(815301076,1909f56bfc062723c751e8b465ee728b)  -> (artifact id: 'aab51998d10ee6bcfbd86099216f33a6') in 0.026004 seconds
  Import took 0.030929 seconds .

========================================================================
Received Import Request.
  Time since last request: 10.143542 seconds.
  path: Assets/Materials/Blue.mat
  artifactKey: Guid(58b0f51af9ee0c74180593882d3df19a) Importer(815301076,1909f56bfc062723c751e8b465ee728b)
Start importing Assets/Materials/Blue.mat using Guid(58b0f51af9ee0c74180593882d3df19a) Importer(815301076,1909f56bfc062723c751e8b465ee728b)  -> (artifact id: '66be43f75eba1809b49df7c16506ba57') in 0.033688 seconds
  Import took 0.037348 seconds .

========================================================================
Received Import Request.
  Time since last request: 784.852311 seconds.
  path: Assets/Materials/Red.mat
  artifactKey: Guid(d0a9ace594c679e488ead414f933c35f) Importer(815301076,1909f56bfc062723c751e8b465ee728b)
Start importing Assets/Materials/Red.mat using Guid(d0a9ace594c679e488ead414f933c35f) Importer(815301076,1909f56bfc062723c751e8b465ee728b)  -> (artifact id: '270a6550ab217048cebf0b3eae1fc64e') in 0.049316 seconds
  Import took 0.052307 seconds .

AssetImportWorkerClient::OnTransportError - code=2 error=End of file
